<?xml version="1.0" encoding="UTF-8"?>
<!-- Generated by org.testng.reporters.JUnitXMLReporter -->
<testsuite ignored="0" hostname="dinmPF4ASW52" failures="0" tests="4" name="Default test" time="5.165" errors="0" timestamp="2024-11-08T08:18:21 EST">
  <testcase classname="tests.ECommerceAPITests" name="login" time="2.148"/>
  <testcase classname="tests.ECommerceAPITests" name="createProduct" time="1.118"/>
  <testcase classname="tests.ECommerceAPITests" name="createOrder" time="0.777"/>
  <testcase classname="tests.ECommerceAPITests" name="deleteProduct" time="1.091"/>
</testsuite> <!-- Default test -->
