<?xml version="1.0" encoding="UTF-8"?>
<testng-results ignored="0" total="4" passed="4" failed="0" skipped="0">
  <reporter-output>
  </reporter-output>
  <suite started-at="2024-11-08T08:18:16 EST" name="Default suite" finished-at="2024-11-08T08:18:21 EST" duration-ms="5165">
    <groups>
    </groups>
    <test started-at="2024-11-08T08:18:16 EST" name="Default test" finished-at="2024-11-08T08:18:21 EST" duration-ms="5165">
      <class name="tests.ECommerceAPITests">
        <test-method signature="login()[pri:1, instance:tests.ECommerceAPITests@7b98f307]" started-at="2024-11-08T08:18:16 EST" name="login" finished-at="2024-11-08T08:18:18 EST" duration-ms="2148" status="PASS">
          <reporter-output>
          </reporter-output>
        </test-method> <!-- login -->
        <test-method signature="createProduct()[pri:2, instance:tests.ECommerceAPITests@7b98f307]" started-at="2024-11-08T08:18:18 EST" name="createProduct" finished-at="2024-11-08T08:18:19 EST" duration-ms="1118" status="PASS">
          <reporter-output>
          </reporter-output>
        </test-method> <!-- createProduct -->
        <test-method signature="createOrder()[pri:3, instance:tests.ECommerceAPITests@7b98f307]" started-at="2024-11-08T08:18:19 EST" name="createOrder" finished-at="2024-11-08T08:18:20 EST" duration-ms="777" status="PASS">
          <reporter-output>
          </reporter-output>
        </test-method> <!-- createOrder -->
        <test-method signature="deleteProduct()[pri:4, instance:tests.ECommerceAPITests@7b98f307]" started-at="2024-11-08T08:18:20 EST" name="deleteProduct" finished-at="2024-11-08T08:18:21 EST" duration-ms="1091" status="PASS">
          <reporter-output>
          </reporter-output>
        </test-method> <!-- deleteProduct -->
      </class> <!-- tests.ECommerceAPITests -->
    </test> <!-- Default test -->
  </suite> <!-- Default suite -->
</testng-results>
